<?xml version="1.0" encoding="UTF-8"?>
<!-- Generated by org.testng.reporters.JUnitXMLReporter -->
<testsuite hostname="LAPTOP-TQ1V41LT" ignored="0" name="Com Avlon App Test Cases" tests="6" failures="0" timestamp="2021-11-10T19:20:02 IST" time="608.075" errors="0">
  <testcase name="loginValidEmail" time="18.084" classname="com.avlon.testcases.LoginPageTest"/>
  <testcase name="verifyHomePageLoading" time="54.71" classname="com.avlon.testcases.HomePageTest"/>
  <testcase name="ForumCreation" time="8.573" classname="com.avlon.testcases.ForumPageTest"/>
  <testcase name="CalenderEventCreation" time="14.968" classname="com.avlon.testcases.CalendarPageTest"/>
  <testcase name="sceneAndChannelCreation" time="0.001" classname="com.avlon.testcases.SceneAndChannelCreationPageTest"/>
  <testcase name="StarterStageCreation" time="29.476" classname="com.avlon.testcases.StarterStagePageTest"/>
</testsuite> <!-- Com Avlon App Test Cases -->
