<?xml version="1.0" encoding="UTF-8"?>
<testng-results skipped="0" failed="0" ignored="0" total="1" passed="1">
  <reporter-output>
  </reporter-output>
  <suite name="Suite" duration-ms="177577" started-at="2021-10-16T21:48:10 IST" finished-at="2021-10-16T21:51:08 IST">
    <groups>
    </groups>
    <test name="Com Avlon App Test Cases" duration-ms="177577" started-at="2021-10-16T21:48:10 IST" finished-at="2021-10-16T21:51:08 IST">
      <class name="com.avlon.testcases.StarterStagePageTest">
        <test-method status="PASS" signature="setUp()[pri:0, instance:com.avlon.testcases.StarterStagePageTest@69a3d1d]" name="setUp" is-config="true" duration-ms="143372" started-at="2021-10-16T21:48:11 IST" finished-at="2021-10-16T21:50:34 IST">
          <reporter-output>
          </reporter-output>
        </test-method> <!-- setUp -->
        <test-method status="PASS" signature="StarterStageCreation()[pri:1, instance:com.avlon.testcases.StarterStagePageTest@69a3d1d]" name="StarterStageCreation" duration-ms="32408" started-at="2021-10-16T21:50:34 IST" finished-at="2021-10-16T21:51:06 IST">
          <reporter-output>
          </reporter-output>
        </test-method> <!-- StarterStageCreation -->
        <test-method status="PASS" signature="tearDown()[pri:0, instance:com.avlon.testcases.StarterStagePageTest@69a3d1d]" name="tearDown" is-config="true" duration-ms="1679" started-at="2021-10-16T21:51:06 IST" finished-at="2021-10-16T21:51:08 IST">
          <reporter-output>
          </reporter-output>
        </test-method> <!-- tearDown -->
      </class> <!-- com.avlon.testcases.StarterStagePageTest -->
    </test> <!-- Com Avlon App Test Cases -->
  </suite> <!-- Suite -->
</testng-results>
